<?xml version="1.0" encoding="UTF-8"?>
<!-- Generated by org.testng.reporters.JUnitXMLReporter -->
<testsuite ignored="0" hostname="DESKTOP-DGHLMOE" failures="2" tests="2" name="Orange1" time="52.267" errors="0" timestamp="24 Jun 2021 17:23:42 GMT">
  <testcase classname="com.orange.test.Login_MavenOrange" name="login_001" time="0.095">
    <failure type="java.lang.IllegalArgumentException" message="Cannot find elements when the XPath is null.">
      <![CDATA[java.lang.IllegalArgumentException: Cannot find elements when the XPath is null.
	at org.openqa.selenium.By$ByXPath.<init>(By.java:339)
	at org.openqa.selenium.By.xpath(By.java:92)
	at com.orange.utils.CommonUtils_MavenOrange.validLogin(CommonUtils_MavenOrange.java:11)
	at com.orange.test.Login_MavenOrange.login_001(Login_MavenOrange.java:15)
... Removed 28 stack frames]]>
    </failure>
  </testcase> <!-- login_001 -->
  <testcase classname="com.orange.test.Login_MavenOrange" name="login_002" time="0.007">
    <failure type="java.lang.IllegalArgumentException" message="Cannot find elements when the XPath is null.">
      <![CDATA[java.lang.IllegalArgumentException: Cannot find elements when the XPath is null.
	at org.openqa.selenium.By$ByXPath.<init>(By.java:339)
	at org.openqa.selenium.By.xpath(By.java:92)
	at com.orange.utils.CommonUtils_MavenOrange.inValidLogin(CommonUtils_MavenOrange.java:22)
	at com.orange.test.Login_MavenOrange.login_002(Login_MavenOrange.java:22)
... Removed 28 stack frames]]>
    </failure>
  </testcase> <!-- login_002 -->
</testsuite> <!-- Orange1 -->
