<?xml version="1.0" encoding="UTF-8"?>
<!-- Generated by org.testng.reporters.JUnitXMLReporter -->
<testsuite ignored="0" hostname="DESKTOP-DGHLMOE" failures="1" tests="1" name="Orange1" time="15.017" errors="0" timestamp="24 Jun 2021 18:20:15 GMT">
  <testcase classname="com.orange.test.Login_MavenOrange" name="login_002" time="1.426">
    <failure type="java.lang.AssertionError" message="The error text is displayed expected [false] but found [true]">
      <![CDATA[java.lang.AssertionError: The error text is displayed expected [false] but found [true]
	at com.orange.test.Login_MavenOrange.login_002(Login_MavenOrange.java:23)
... Removed 28 stack frames]]>
    </failure>
  </testcase> <!-- login_002 -->
</testsuite> <!-- Orange1 -->
